[2019-05-31 15:19:53.334] [INFO] pomelo - [32m[C:\Users\leoyin\HelloWorld\game-server\node_modules\pomelo\lib\application.js] [39mapplication inited: "connector-server-1"
[2019-05-31 15:19:53.643] [INFO] pomelo - [32m[C:\Users\leoyin\HelloWorld\game-server\node_modules\pomelo\lib\application.js] [39m"connector-server-1" enter after start...
[2019-05-31 15:19:53.646] [INFO] pomelo - [32m[C:\Users\leoyin\HelloWorld\game-server\node_modules\pomelo\lib\application.js] [39m"connector-server-1" finish start
[2019-05-31 15:19:53.646] [INFO] pomelo - [32m[C:\Users\leoyin\HelloWorld\game-server\node_modules\pomelo\lib\application.js] [39m"connector-server-1" startup in 268 ms
[2019-05-31 15:20:58.468] [DEBUG] pomelo - [36m[C:\Users\leoyin\HelloWorld\game-server\node_modules\pomelo\lib\components\connector.js] [39m[connector-server-1] getSession session is created with session id: 1
[2019-05-31 15:20:58.490] [DEBUG] pomelo - [36m[C:\Users\leoyin\HelloWorld\game-server\node_modules\pomelo\lib\components\connector.js] [39m[connector-server-1] handleMessage session id: 1, msg: {"id":1,"type":0,"compressRoute":0,"route":"connector.entryHandler.entry","body":"hello pomelo","compressGzip":0}
[2019-05-31 15:20:58.494] [DEBUG] pomelo - [36m[C:\Users\leoyin\HelloWorld\game-server\node_modules\pomelo\lib\components\connector.js] [39m[connector-server-1] send message reqId: 1, route: connector.entryHandler.entry, msg: {"code":200,"msg":"game server is ok."}, receivers: [1], opts: {"type":"response","userOptions":{},"isResponse":true}
[2019-05-31 15:21:03.883] [DEBUG] pomelo - [36m[C:\Users\leoyin\HelloWorld\game-server\node_modules\pomelo\lib\components\connector.js] [39m[connector-server-1] getSession session is created with session id: 2
[2019-05-31 15:21:03.892] [DEBUG] pomelo - [36m[C:\Users\leoyin\HelloWorld\game-server\node_modules\pomelo\lib\components\connector.js] [39m[connector-server-1] handleMessage session id: 2, msg: {"id":2,"type":0,"compressRoute":0,"route":"connector.entryHandler.entry","body":"hello pomelo","compressGzip":0}
[2019-05-31 15:21:03.893] [DEBUG] pomelo - [36m[C:\Users\leoyin\HelloWorld\game-server\node_modules\pomelo\lib\components\connector.js] [39m[connector-server-1] send message reqId: 2, route: connector.entryHandler.entry, msg: {"code":200,"msg":"game server is ok."}, receivers: [2], opts: {"type":"response","userOptions":{},"isResponse":true}
[2019-05-31 15:21:08.609] [DEBUG] pomelo - [36m[C:\Users\leoyin\HelloWorld\game-server\node_modules\pomelo\lib\components\connector.js] [39m[connector-server-1] getSession session is created with session id: 3
[2019-05-31 15:21:08.619] [DEBUG] pomelo - [36m[C:\Users\leoyin\HelloWorld\game-server\node_modules\pomelo\lib\components\connector.js] [39m[connector-server-1] handleMessage session id: 3, msg: {"id":3,"type":0,"compressRoute":0,"route":"connector.entryHandler.entry","body":"hello pomelo","compressGzip":0}
[2019-05-31 15:21:08.619] [DEBUG] pomelo - [36m[C:\Users\leoyin\HelloWorld\game-server\node_modules\pomelo\lib\components\connector.js] [39m[connector-server-1] send message reqId: 3, route: connector.entryHandler.entry, msg: {"code":200,"msg":"game server is ok."}, receivers: [3], opts: {"type":"response","userOptions":{},"isResponse":true}
[2019-05-31 15:21:09.438] [INFO] pomelo - [32m[C:\Users\leoyin\HelloWorld\game-server\node_modules\pomelo\lib\connectors\commands\heartbeat.js] [39mclient 1 heartbeat timeout.
[2019-05-31 15:21:09.439] [DEBUG] pomelo - [36m[C:\Users\leoyin\HelloWorld\game-server\node_modules\pomelo\lib\common\service\sessionService.js] [39msession on [connector-server-1] is closed with session id: 1
[2019-05-31 15:21:13.879] [INFO] pomelo - [32m[C:\Users\leoyin\HelloWorld\game-server\node_modules\pomelo\lib\connectors\commands\heartbeat.js] [39mclient 2 heartbeat timeout.
[2019-05-31 15:21:13.879] [DEBUG] pomelo - [36m[C:\Users\leoyin\HelloWorld\game-server\node_modules\pomelo\lib\common\service\sessionService.js] [39msession on [connector-server-1] is closed with session id: 2
[2019-05-31 15:30:53.479] [DEBUG] pomelo - [36m[C:\Users\leoyin\HelloWorld\game-server\node_modules\pomelo\lib\components\connector.js] [39m[connector-server-1] getSession session is created with session id: 4
[2019-05-31 15:30:53.488] [DEBUG] pomelo - [36m[C:\Users\leoyin\HelloWorld\game-server\node_modules\pomelo\lib\components\connector.js] [39m[connector-server-1] handleMessage session id: 4, msg: {"id":4,"type":0,"compressRoute":0,"route":"connector.entryHandler.entry","body":"hello pomelo","compressGzip":0}
[2019-05-31 15:30:53.488] [DEBUG] pomelo - [36m[C:\Users\leoyin\HelloWorld\game-server\node_modules\pomelo\lib\components\connector.js] [39m[connector-server-1] send message reqId: 4, route: connector.entryHandler.entry, msg: {"code":200,"msg":"game server is ok."}, receivers: [4], opts: {"type":"response","userOptions":{},"isResponse":true}
[2019-05-31 15:30:58.373] [INFO] pomelo - [32m[C:\Users\leoyin\HelloWorld\game-server\node_modules\pomelo\lib\connectors\commands\heartbeat.js] [39mclient 3 heartbeat timeout.
[2019-05-31 15:30:58.373] [DEBUG] pomelo - [36m[C:\Users\leoyin\HelloWorld\game-server\node_modules\pomelo\lib\common\service\sessionService.js] [39msession on [connector-server-1] is closed with session id: 3
[2019-05-31 15:30:59.393] [DEBUG] pomelo - [36m[C:\Users\leoyin\HelloWorld\game-server\node_modules\pomelo\lib\components\connector.js] [39m[connector-server-1] getSession session is created with session id: 5
[2019-05-31 15:30:59.403] [DEBUG] pomelo - [36m[C:\Users\leoyin\HelloWorld\game-server\node_modules\pomelo\lib\components\connector.js] [39m[connector-server-1] handleMessage session id: 5, msg: {"id":5,"type":0,"compressRoute":0,"route":"connector.entryHandler.entry","body":"hello pomelo","compressGzip":0}
[2019-05-31 15:30:59.404] [DEBUG] pomelo - [36m[C:\Users\leoyin\HelloWorld\game-server\node_modules\pomelo\lib\components\connector.js] [39m[connector-server-1] send message reqId: 5, route: connector.entryHandler.entry, msg: {"code":200,"msg":"game server is ok."}, receivers: [5], opts: {"type":"response","userOptions":{},"isResponse":true}
[2019-05-31 15:31:02.934] [INFO] pomelo - [32m[C:\Users\leoyin\HelloWorld\game-server\node_modules\pomelo\lib\connectors\commands\heartbeat.js] [39mclient 4 heartbeat timeout.
[2019-05-31 15:31:02.935] [DEBUG] pomelo - [36m[C:\Users\leoyin\HelloWorld\game-server\node_modules\pomelo\lib\common\service\sessionService.js] [39msession on [connector-server-1] is closed with session id: 4
[2019-05-31 15:31:04.972] [DEBUG] pomelo - [36m[C:\Users\leoyin\HelloWorld\game-server\node_modules\pomelo\lib\common\service\sessionService.js] [39msession on [connector-server-1] is closed with session id: 5
[2019-05-31 15:48:19.334] [DEBUG] pomelo - [36m[C:\Users\leoyin\HelloWorld\game-server\node_modules\pomelo\lib\components\connector.js] [39m[connector-server-1] getSession session is created with session id: 6
[2019-05-31 15:48:19.343] [DEBUG] pomelo - [36m[C:\Users\leoyin\HelloWorld\game-server\node_modules\pomelo\lib\components\connector.js] [39m[connector-server-1] handleMessage session id: 6, msg: {"id":1,"type":0,"compressRoute":0,"route":"connector.entryHandler.entry","body":"hello pomelo","compressGzip":0}
[2019-05-31 15:48:19.344] [DEBUG] pomelo - [36m[C:\Users\leoyin\HelloWorld\game-server\node_modules\pomelo\lib\components\connector.js] [39m[connector-server-1] send message reqId: 1, route: connector.entryHandler.entry, msg: {"code":200,"msg":"game server is ok."}, receivers: [6], opts: {"type":"response","userOptions":{},"isResponse":true}
[2019-05-31 15:48:22.458] [DEBUG] pomelo - [36m[C:\Users\leoyin\HelloWorld\game-server\node_modules\pomelo\lib\components\connector.js] [39m[connector-server-1] getSession session is created with session id: 7
[2019-05-31 15:48:22.466] [DEBUG] pomelo - [36m[C:\Users\leoyin\HelloWorld\game-server\node_modules\pomelo\lib\components\connector.js] [39m[connector-server-1] handleMessage session id: 7, msg: {"id":2,"type":0,"compressRoute":0,"route":"connector.entryHandler.entry","body":"hello pomelo","compressGzip":0}
[2019-05-31 15:48:22.467] [DEBUG] pomelo - [36m[C:\Users\leoyin\HelloWorld\game-server\node_modules\pomelo\lib\components\connector.js] [39m[connector-server-1] send message reqId: 2, route: connector.entryHandler.entry, msg: {"code":200,"msg":"game server is ok."}, receivers: [7], opts: {"type":"response","userOptions":{},"isResponse":true}
[2019-05-31 15:48:25.342] [INFO] pomelo - [32m[C:\Users\leoyin\HelloWorld\game-server\node_modules\pomelo\lib\connectors\commands\heartbeat.js] [39mclient 6 heartbeat timeout.
[2019-05-31 15:48:25.343] [DEBUG] pomelo - [36m[C:\Users\leoyin\HelloWorld\game-server\node_modules\pomelo\lib\common\service\sessionService.js] [39msession on [connector-server-1] is closed with session id: 6
[2019-05-31 15:49:01.884] [DEBUG] pomelo - [36m[C:\Users\leoyin\HelloWorld\game-server\node_modules\pomelo\lib\common\service\sessionService.js] [39msession on [connector-server-1] is closed with session id: 7
[2019-05-31 15:56:40.569] [DEBUG] pomelo - [36m[C:\Users\leoyin\HelloWorld\game-server\node_modules\pomelo\lib\components\connector.js] [39m[connector-server-1] getSession session is created with session id: 8
[2019-05-31 15:56:40.579] [DEBUG] pomelo - [36m[C:\Users\leoyin\HelloWorld\game-server\node_modules\pomelo\lib\components\connector.js] [39m[connector-server-1] handleMessage session id: 8, msg: {"id":1,"type":0,"compressRoute":0,"route":"connector.entryHandler.entry","body":"hello pomelo","compressGzip":0}
[2019-05-31 15:56:40.579] [DEBUG] pomelo - [36m[C:\Users\leoyin\HelloWorld\game-server\node_modules\pomelo\lib\components\connector.js] [39m[connector-server-1] send message reqId: 1, route: connector.entryHandler.entry, msg: {"code":200,"msg":"game server is ok."}, receivers: [8], opts: {"type":"response","userOptions":{},"isResponse":true}
[2019-05-31 15:57:42.355] [DEBUG] pomelo - [36m[C:\Users\leoyin\HelloWorld\game-server\node_modules\pomelo\lib\common\service\sessionService.js] [39msession on [connector-server-1] is closed with session id: 8
[2019-05-31 16:09:29.404] [DEBUG] pomelo - [36m[C:\Users\leoyin\HelloWorld\game-server\node_modules\pomelo\lib\components\connector.js] [39m[connector-server-1] getSession session is created with session id: 9
[2019-05-31 16:09:29.413] [DEBUG] pomelo - [36m[C:\Users\leoyin\HelloWorld\game-server\node_modules\pomelo\lib\components\connector.js] [39m[connector-server-1] handleMessage session id: 9, msg: {"id":1,"type":0,"compressRoute":0,"route":"connector.entryHandler.entry","body":"hello pomelo","compressGzip":0}
[2019-05-31 16:09:29.413] [DEBUG] pomelo - [36m[C:\Users\leoyin\HelloWorld\game-server\node_modules\pomelo\lib\components\connector.js] [39m[connector-server-1] send message reqId: 1, route: connector.entryHandler.entry, msg: {"code":200,"msg":"game server is ok."}, receivers: [9], opts: {"type":"response","userOptions":{},"isResponse":true}
[2019-05-31 16:09:31.302] [DEBUG] pomelo - [36m[C:\Users\leoyin\HelloWorld\game-server\node_modules\pomelo\lib\common\service\sessionService.js] [39msession on [connector-server-1] is closed with session id: 9
[2019-05-31 16:09:37.713] [DEBUG] pomelo - [36m[C:\Users\leoyin\HelloWorld\game-server\node_modules\pomelo\lib\components\connector.js] [39m[connector-server-1] getSession session is created with session id: 10
[2019-05-31 16:09:37.724] [DEBUG] pomelo - [36m[C:\Users\leoyin\HelloWorld\game-server\node_modules\pomelo\lib\components\connector.js] [39m[connector-server-1] handleMessage session id: 10, msg: {"id":1,"type":0,"compressRoute":0,"route":"connector.entryHandler.entry","body":"hello pomelo","compressGzip":0}
[2019-05-31 16:09:37.724] [DEBUG] pomelo - [36m[C:\Users\leoyin\HelloWorld\game-server\node_modules\pomelo\lib\components\connector.js] [39m[connector-server-1] send message reqId: 1, route: connector.entryHandler.entry, msg: {"code":200,"msg":"game server is ok."}, receivers: [10], opts: {"type":"response","userOptions":{},"isResponse":true}
[2019-05-31 16:09:43.724] [INFO] pomelo - [32m[C:\Users\leoyin\HelloWorld\game-server\node_modules\pomelo\lib\connectors\commands\heartbeat.js] [39mclient 10 heartbeat timeout.
[2019-05-31 16:09:43.724] [DEBUG] pomelo - [36m[C:\Users\leoyin\HelloWorld\game-server\node_modules\pomelo\lib\common\service\sessionService.js] [39msession on [connector-server-1] is closed with session id: 10
[2019-05-31 16:37:24.670] [DEBUG] pomelo - [36m[C:\Users\leoyin\HelloWorld\game-server\node_modules\pomelo\lib\components\connector.js] [39m[connector-server-1] getSession session is created with session id: 11
[2019-05-31 16:37:24.677] [DEBUG] pomelo - [36m[C:\Users\leoyin\HelloWorld\game-server\node_modules\pomelo\lib\components\connector.js] [39m[connector-server-1] handleMessage session id: 11, msg: {"id":1,"type":0,"compressRoute":0,"route":"connector.entryHandler.entry","body":"hello pomelo","compressGzip":0}
[2019-05-31 16:37:24.677] [DEBUG] pomelo - [36m[C:\Users\leoyin\HelloWorld\game-server\node_modules\pomelo\lib\components\connector.js] [39m[connector-server-1] send message reqId: 1, route: connector.entryHandler.entry, msg: {"code":200,"msg":"game server is ok."}, receivers: [11], opts: {"type":"response","userOptions":{},"isResponse":true}
[2019-05-31 16:37:30.676] [INFO] pomelo - [32m[C:\Users\leoyin\HelloWorld\game-server\node_modules\pomelo\lib\connectors\commands\heartbeat.js] [39mclient 11 heartbeat timeout.
[2019-05-31 16:37:30.676] [DEBUG] pomelo - [36m[C:\Users\leoyin\HelloWorld\game-server\node_modules\pomelo\lib\common\service\sessionService.js] [39msession on [connector-server-1] is closed with session id: 11
[2019-05-31 16:38:25.641] [DEBUG] pomelo - [36m[C:\Users\leoyin\HelloWorld\game-server\node_modules\pomelo\lib\components\connector.js] [39m[connector-server-1] getSession session is created with session id: 12
[2019-05-31 16:38:25.648] [DEBUG] pomelo - [36m[C:\Users\leoyin\HelloWorld\game-server\node_modules\pomelo\lib\components\connector.js] [39m[connector-server-1] handleMessage session id: 12, msg: {"id":1,"type":0,"compressRoute":0,"route":"connector.entryHandler.entry","body":"hello pomelo","compressGzip":0}
[2019-05-31 16:38:25.648] [DEBUG] pomelo - [36m[C:\Users\leoyin\HelloWorld\game-server\node_modules\pomelo\lib\components\connector.js] [39m[connector-server-1] send message reqId: 1, route: connector.entryHandler.entry, msg: {"code":200,"msg":"game server is ok."}, receivers: [12], opts: {"type":"response","userOptions":{},"isResponse":true}
[2019-05-31 16:41:40.785] [DEBUG] pomelo - [36m[C:\Users\leoyin\HelloWorld\game-server\node_modules\pomelo\lib\components\connector.js] [39m[connector-server-1] getSession session is created with session id: 13
[2019-05-31 16:41:40.792] [DEBUG] pomelo - [36m[C:\Users\leoyin\HelloWorld\game-server\node_modules\pomelo\lib\components\connector.js] [39m[connector-server-1] handleMessage session id: 13, msg: {"id":2,"type":0,"compressRoute":0,"route":"connector.entryHandler.entry","body":"hello pomelo","compressGzip":0}
[2019-05-31 16:41:40.793] [DEBUG] pomelo - [36m[C:\Users\leoyin\HelloWorld\game-server\node_modules\pomelo\lib\components\connector.js] [39m[connector-server-1] send message reqId: 2, route: connector.entryHandler.entry, msg: {"code":200,"msg":"game server is ok."}, receivers: [13], opts: {"type":"response","userOptions":{},"isResponse":true}
[2019-05-31 16:41:46.277] [INFO] pomelo - [32m[C:\Users\leoyin\HelloWorld\game-server\node_modules\pomelo\lib\connectors\commands\heartbeat.js] [39mclient 12 heartbeat timeout.
[2019-05-31 16:41:46.278] [DEBUG] pomelo - [36m[C:\Users\leoyin\HelloWorld\game-server\node_modules\pomelo\lib\common\service\sessionService.js] [39msession on [connector-server-1] is closed with session id: 12
[2019-05-31 16:41:46.791] [INFO] pomelo - [32m[C:\Users\leoyin\HelloWorld\game-server\node_modules\pomelo\lib\connectors\commands\heartbeat.js] [39mclient 13 heartbeat timeout.
[2019-05-31 16:41:46.792] [DEBUG] pomelo - [36m[C:\Users\leoyin\HelloWorld\game-server\node_modules\pomelo\lib\common\service\sessionService.js] [39msession on [connector-server-1] is closed with session id: 13
[2019-05-31 17:32:18.529] [INFO] pomelo - [32m[C:\Users\leoyin\HelloWorld\game-server\node_modules\pomelo\lib\application.js] [39mapplication inited: "connector-server-1"
[2019-05-31 17:32:18.820] [INFO] pomelo - [32m[C:\Users\leoyin\HelloWorld\game-server\node_modules\pomelo\lib\application.js] [39m"connector-server-1" enter after start...
[2019-05-31 17:32:18.823] [INFO] pomelo - [32m[C:\Users\leoyin\HelloWorld\game-server\node_modules\pomelo\lib\application.js] [39m"connector-server-1" finish start
[2019-05-31 17:32:18.823] [INFO] pomelo - [32m[C:\Users\leoyin\HelloWorld\game-server\node_modules\pomelo\lib\application.js] [39m"connector-server-1" startup in 253 ms
[2019-05-31 17:32:36.282] [DEBUG] pomelo - [36m[C:\Users\leoyin\HelloWorld\game-server\node_modules\pomelo\lib\components\connector.js] [39m[connector-server-1] getSession session is created with session id: 1
[2019-05-31 17:32:36.298] [DEBUG] pomelo - [36m[C:\Users\leoyin\HelloWorld\game-server\node_modules\pomelo\lib\components\connector.js] [39m[connector-server-1] handleMessage session id: 1, msg: {"id":1,"type":0,"compressRoute":0,"route":"connector.entryHandler.entry","body":"hello pomelo","compressGzip":0}
[2019-05-31 17:32:36.301] [DEBUG] pomelo - [36m[C:\Users\leoyin\HelloWorld\game-server\node_modules\pomelo\lib\components\connector.js] [39m[connector-server-1] send message reqId: 1, route: connector.entryHandler.entry, msg: {"code":200,"msg":"game fuck fuck fuck fuck server is ok."}, receivers: [1], opts: {"type":"response","userOptions":{},"isResponse":true}
[2019-05-31 17:38:06.307] [DEBUG] pomelo - [36m[C:\Users\leoyin\HelloWorld\game-server\node_modules\pomelo\lib\components\connector.js] [39m[connector-server-1] getSession session is created with session id: 2
[2019-05-31 17:38:06.314] [DEBUG] pomelo - [36m[C:\Users\leoyin\HelloWorld\game-server\node_modules\pomelo\lib\components\connector.js] [39m[connector-server-1] handleMessage session id: 2, msg: {"id":2,"type":0,"compressRoute":0,"route":"connector.entryHandler.entry","body":"hello pomelo","compressGzip":0}
[2019-05-31 17:38:06.314] [DEBUG] pomelo - [36m[C:\Users\leoyin\HelloWorld\game-server\node_modules\pomelo\lib\components\connector.js] [39m[connector-server-1] send message reqId: 2, route: connector.entryHandler.entry, msg: {"code":200,"msg":"game fuck fuck fuck fuck server is ok."}, receivers: [2], opts: {"type":"response","userOptions":{},"isResponse":true}
[2019-05-31 17:38:10.904] [INFO] pomelo - [32m[C:\Users\leoyin\HelloWorld\game-server\node_modules\pomelo\lib\connectors\commands\heartbeat.js] [39mclient 1 heartbeat timeout.
[2019-05-31 17:38:10.905] [DEBUG] pomelo - [36m[C:\Users\leoyin\HelloWorld\game-server\node_modules\pomelo\lib\common\service\sessionService.js] [39msession on [connector-server-1] is closed with session id: 1
[2019-05-31 17:40:26.928] [DEBUG] pomelo - [36m[C:\Users\leoyin\HelloWorld\game-server\node_modules\pomelo\lib\common\service\sessionService.js] [39msession on [connector-server-1] is closed with session id: 2
[2019-05-31 17:44:12.940] [INFO] pomelo - [32m[C:\Users\leoyin\HelloWorld\game-server\node_modules\pomelo\lib\application.js] [39mapplication inited: "connector-server-1"
[2019-05-31 17:44:13.239] [INFO] pomelo - [32m[C:\Users\leoyin\HelloWorld\game-server\node_modules\pomelo\lib\application.js] [39m"connector-server-1" enter after start...
[2019-05-31 17:44:13.242] [INFO] pomelo - [32m[C:\Users\leoyin\HelloWorld\game-server\node_modules\pomelo\lib\application.js] [39m"connector-server-1" finish start
[2019-05-31 17:44:13.242] [INFO] pomelo - [32m[C:\Users\leoyin\HelloWorld\game-server\node_modules\pomelo\lib\application.js] [39m"connector-server-1" startup in 262 ms
